============================= test session starts ==============================
platform linux -- Python 3.13.12, pytest-9.1.1, pluggy-1.6.0
benchmark: 5.2.3 (defaults: timer=time.perf_counter disable_gc=False min_rounds=5 min_time=0.000005 max_time=1.0 calibration_precision=10 warmup=False warmup_iterations=100000)
rootdir: /home/yasin/Desktop/MESA
configfile: pyproject.toml
testpaths: tests
plugins: asyncio-1.4.0, benchmark-5.2.3, cov-7.1.0, anyio-4.14.2, langsmith-0.10.9, locust-2.46.0
asyncio: mode=Mode.AUTO, debug=False, asyncio_default_fixture_loop_scope=None, asyncio_default_test_loop_scope=function
collected 1059 items

tests/go_live_proofs/test_backup_restore.py .                            [  0%]
tests/test_adapter.py ...                                                [  0%]
tests/test_adapter_factory.py ......                                     [  0%]
tests/test_adapter_live.py ...........                                   [  1%]
tests/test_adapters.py ....................                              [  3%]
tests/test_adaptive_router.py ...                                        [  4%]
tests/test_api_key_store.py .                                            [  4%]
tests/test_api_logging_contract.py ....                                  [  4%]
tests/test_api_router.py ......................                          [  6%]
tests/test_api_schemas.py .............................................. [ 11%]
...                                                                      [ 11%]
tests/test_async_client_auth_contract.py ..                              [ 11%]
tests/test_async_lock_loop.py ...........                                [ 12%]
tests/test_async_storage.py .................................            [ 15%]
tests/test_auth_configuration_contract.py .                              [ 15%]
tests/test_chaos.py ....                                                 [ 16%]
tests/test_ci_coverage_contracts.py ..................                   [ 17%]
tests/test_confidence_revision.py .............................          [ 20%]
tests/test_config.py ..                                                  [ 20%]
tests/test_config_edge_cases.py .............                            [ 22%]
tests/test_conflict_resolution.py .                                      [ 22%]
tests/test_consolidation.py ......                                       [ 22%]
tests/test_control_activity.py .                                         [ 22%]
tests/test_control_activity_approval.py ..                               [ 22%]
tests/test_control_approval.py .                                         [ 23%]
tests/test_control_client_repo.py ..                                     [ 23%]
tests/test_control_conn_settings.py ..                                   [ 23%]
tests/test_control_middleware.py ..                                      [ 23%]
tests/test_control_policy.py .                                           [ 23%]
tests/test_crossencoder_reranking.py ....                                [ 24%]
tests/test_dao.py .................................                      [ 27%]
tests/test_dao_coverage.py ..................................            [ 30%]
tests/test_dao_extended.py ........                                      [ 31%]
tests/test_deployment_assets.py ...............                          [ 32%]
tests/test_dispatch_completion_contract.py ..                            [ 32%]
tests/test_domain_extraction.py ................................         [ 35%]
tests/test_downstream_fence_reconciliation_contract.py ......            [ 36%]
tests/test_durable_dispatch_contract.py ..                               [ 36%]
tests/test_durable_dlq_contract.py .....                                 [ 37%]
tests/test_entity_consolidation_worker.py .....                          [ 37%]
tests/test_fault_tolerance.py ..                                         [ 37%]
tests/test_graph_v2_identity.py .                                        [ 37%]
tests/test_graph_v2_purge.py ..                                          [ 37%]
tests/test_ingestion_trace_path.py ...                                   [ 38%]
tests/test_ingestion_worker.py .........................                 [ 40%]
tests/test_kuzu_isolation.py ..........                                  [ 41%]
tests/test_kuzu_migration_coordinator.py .......                         [ 42%]
tests/test_kuzu_performance.py .....                                     [ 42%]
tests/test_legal_audit.py ..                                             [ 42%]
tests/test_logging_contract.py ...........                               [ 43%]
tests/test_maintenance_worker.py ...........................             [ 46%]
tests/test_mcp_api_boundary.py ......                                    [ 47%]
tests/test_mcp_v4_tools.py .                                             [ 47%]
tests/test_mesa_benchmark_enhancements.py .................              [ 48%]
tests/test_metrics.py ...                                                [ 49%]
tests/test_migration_closure.py ...........                              [ 50%]
tests/test_optional_adapter_imports.py .                                 [ 50%]
tests/test_optional_mem0_isolation.py .                                  [ 50%]
tests/test_p0a_batch.py ......................                           [ 52%]
tests/test_p0b_missing.py ............                                   [ 53%]
tests/test_p0c_loop.py ........                                          [ 54%]
tests/test_pagerank_coverage.py ..............                           [ 55%]
tests/test_principal_authorization.py .....                              [ 55%]
tests/test_purge_journal_contract.py .......                             [ 56%]
tests/test_queue_admission_contract.py ...........                       [ 57%]
tests/test_queue_trusted_root_contract.py .                              [ 57%]
tests/test_rate_limit_subject_contract.py ...                            [ 58%]
tests/test_rbac.py ..........                                            [ 59%]
tests/test_rbac_edge_cases.py .................                          [ 60%]
tests/test_rbac_leak.py ....                                             [ 61%]
tests/test_rebel_pipeline.py ......                                      [ 61%]
tests/test_recovery_contract.py .....                                    [ 62%]
tests/test_release_preflight.py .                                        [ 62%]
tests/test_rem_cycle.py .....................................            [ 65%]
tests/test_retrieval.py .......                                          [ 66%]
tests/test_retrieval_edge_cases.py ....................                  [ 68%]
tests/test_router_coverage.py ...................                        [ 69%]
tests/test_runtime_profiles_contract.py .........                        [ 70%]
tests/test_sdk_retry_contract.py ......                                  [ 71%]
tests/test_search_response_contract.py .                                 [ 71%]
tests/test_session_finalization_contract.py ..                           [ 71%]
tests/test_session_lifecycle.py ..                                       [ 71%]
tests/test_session_principal_route_isolation.py .                        [ 71%]
tests/test_sqlite_engine_coverage.py ......                              [ 72%]
tests/test_storage_unification.py ...........................            [ 75%]
tests/test_tech_debt_fixes.py ..........................                 [ 77%]
tests/test_tier3_resilience.py ....................                      [ 79%]
tests/test_tier3_validator.py .......................................... [ 83%]
.............                                                            [ 84%]
tests/test_triple_store_mutation_contract.py ....                        [ 84%]
tests/test_turkish_extraction.py ....................................... [ 88%]
                                                                         [ 88%]
tests/test_typing_ratchet.py ...                                         [ 88%]
tests/test_v4_admin_cli.py ..                                            [ 89%]
tests/test_v4_api_contract.py .......                                    [ 89%]
tests/test_v4_catalog_ownership.py .......                               [ 90%]
tests/test_v4_ingestion_contract.py .......                              [ 91%]
tests/test_v4_projection_integration.py .                                [ 91%]
tests/test_v4_rrf_ablation.py .                                          [ 91%]
tests/test_v4_sdk_contract.py ..                                         [ 91%]
tests/test_valence.py ........                                           [ 92%]
tests/test_valence_persistence.py ..                                     [ 92%]
tests/test_vector_engine.py .......................                      [ 94%]
tests/test_vector_engine_coverage.py ................................... [ 97%]
.....                                                                    [ 98%]
tests/test_vector_model_isolation.py ..                                  [ 98%]
tests/test_wal_claim_replay_contract.py ..                               [ 98%]
tests/test_wal_recovery.py .                                             [ 98%]
tests/test_worker_dispatch_consumer.py .                                 [ 98%]
tests/test_worker_logging_contract.py ....                               [ 99%]
tests/test_worker_runtime_contract.py ..                                 [ 99%]
tests/test_worker_supervision_contract.py .....                          [100%]

=============================== warnings summary ===============================
.venv/lib/python3.13/site-packages/fastapi/testclient.py:1
  /home/yasin/Desktop/MESA/.venv/lib/python3.13/site-packages/fastapi/testclient.py:1: StarletteDeprecationWarning: Using `httpx` with `starlette.testclient` is deprecated; install `httpx2` instead.
    from starlette.testclient import TestClient as TestClient  # noqa

tests/go_live_proofs/test_backup_restore.py::test_backup_and_restore
  /home/yasin/Desktop/MESA/.venv/lib/python3.13/site-packages/_pytest/python.py:171: PytestReturnNotNoneWarning: Test functions should return None, but tests/go_live_proofs/test_backup_restore.py::test_backup_and_restore returned <class 'bool'>.
  Did you mean to use `assert` instead of `return`?
  See https://docs.pytest.org/en/stable/how-to/assert.html#return-not-none for more information.
    warnings.warn(

tests/test_async_storage.py::TestAsyncEngine::test_transaction_rollback_on_error
  /home/yasin/Desktop/MESA/tests/test_async_storage.py:181: DeprecationWarning: insert_node called with sentinel agent_id='__unset__'. Pass an explicit agent_id in production code.
    await insert_node(eng, nid, "RollbackTest")

tests/test_async_storage.py::TestAsyncEngine::test_concurrent_connections
tests/test_async_storage.py::TestAsyncEngine::test_concurrent_connections
tests/test_async_storage.py::TestAsyncEngine::test_concurrent_connections
tests/test_async_storage.py::TestAsyncEngine::test_concurrent_connections
tests/test_async_storage.py::TestAsyncEngine::test_concurrent_connections
tests/test_async_storage.py::TestAsyncEngine::test_concurrent_connections
tests/test_async_storage.py::TestAsyncEngine::test_concurrent_connections
tests/test_async_storage.py::TestAsyncEngine::test_concurrent_connections
  /home/yasin/Desktop/MESA/tests/test_async_storage.py:204: DeprecationWarning: insert_node called with sentinel agent_id='__unset__'. Pass an explicit agent_id in production code.
    await insert_node(eng, nid, f"concurrent_{idx}")

tests/test_async_storage.py::TestNodeCRUD::test_insert_and_retrieve
  /home/yasin/Desktop/MESA/tests/test_async_storage.py:243: DeprecationWarning: insert_node called with sentinel agent_id='__unset__'. Pass an explicit agent_id in production code.
    returned = await insert_node(engine, nid, "TestEntity", "PERSON")

tests/test_async_storage.py::TestNodeCRUD::test_soft_delete_node
  /home/yasin/Desktop/MESA/tests/test_async_storage.py:252: DeprecationWarning: insert_node called with sentinel agent_id='__unset__'. Pass an explicit agent_id in production code.
    await insert_node(engine, nid, "DeleteMe")

tests/test_async_storage.py::TestNodeCRUD::test_mark_consolidated
  /home/yasin/Desktop/MESA/tests/test_async_storage.py:261: DeprecationWarning: insert_node called with sentinel agent_id='__unset__'. Pass an explicit agent_id in production code.
    await insert_node(engine, nid, "ConsolidateMe")

tests/test_async_storage.py::TestNodeCRUD::test_find_by_name
  /home/yasin/Desktop/MESA/tests/test_async_storage.py:287: DeprecationWarning: insert_node called with sentinel agent_id='__unset__'. Pass an explicit agent_id in production code.
    await insert_node(engine, nid, "Trademark_Infringement")

tests/test_async_storage.py::TestNodeCRUD::test_find_by_name_case_sensitive
  /home/yasin/Desktop/MESA/tests/test_async_storage.py:297: DeprecationWarning: insert_node called with sentinel agent_id='__unset__'. Pass an explicit agent_id in production code.
    await insert_node(engine, nid, "CaseSensitive")

tests/test_async_storage.py::TestFTS5::test_fts5_basic_search
  /home/yasin/Desktop/MESA/tests/test_async_storage.py:323: DeprecationWarning: insert_node called with sentinel agent_id='__unset__'. Pass an explicit agent_id in production code.
    await insert_node(engine, uuid.uuid4().hex, "Trademark Infringement", "LEGAL")

tests/test_async_storage.py::TestFTS5::test_fts5_basic_search
  /home/yasin/Desktop/MESA/tests/test_async_storage.py:324: DeprecationWarning: insert_node called with sentinel agent_id='__unset__'. Pass an explicit agent_id in production code.
    await insert_node(engine, uuid.uuid4().hex, "Patent Violation", "LEGAL")

tests/test_async_storage.py::TestFTS5::test_fts5_basic_search
  /home/yasin/Desktop/MESA/tests/test_async_storage.py:325: DeprecationWarning: insert_node called with sentinel agent_id='__unset__'. Pass an explicit agent_id in production code.
    await insert_node(engine, uuid.uuid4().hex, "Revenue Forecast", "FINANCIAL")

tests/test_async_storage.py::TestFTS5::test_fts5_prefix_search
  /home/yasin/Desktop/MESA/tests/test_async_storage.py:333: DeprecationWarning: insert_node called with sentinel agent_id='__unset__'. Pass an explicit agent_id in production code.
    await insert_node(engine, uuid.uuid4().hex, "Constitutional Law", "LEGAL")

tests/test_async_storage.py::TestFTS5::test_fts5_prefix_search
  /home/yasin/Desktop/MESA/tests/test_async_storage.py:334: DeprecationWarning: insert_node called with sentinel agent_id='__unset__'. Pass an explicit agent_id in production code.
    await insert_node(engine, uuid.uuid4().hex, "Contract Breach", "LEGAL")

tests/test_async_storage.py::TestFTS5::test_fts5_type_search
  /home/yasin/Desktop/MESA/tests/test_async_storage.py:341: DeprecationWarning: insert_node called with sentinel agent_id='__unset__'. Pass an explicit agent_id in production code.
    await insert_node(engine, uuid.uuid4().hex, "Entity_A", "PERSON")

tests/test_async_storage.py::TestFTS5::test_fts5_type_search
  /home/yasin/Desktop/MESA/tests/test_async_storage.py:342: DeprecationWarning: insert_node called with sentinel agent_id='__unset__'. Pass an explicit agent_id in production code.
    await insert_node(engine, uuid.uuid4().hex, "Entity_B", "ORGANIZATION")

tests/test_async_storage.py::TestFTS5::test_fts5_sync_on_update
  /home/yasin/Desktop/MESA/tests/test_async_storage.py:363: DeprecationWarning: insert_node called with sentinel agent_id='__unset__'. Pass an explicit agent_id in production code.
    await insert_node(engine, nid, "OriginalName", "ENTITY")

tests/test_async_storage.py::TestFTS5::test_fts5_sync_on_delete
  /home/yasin/Desktop/MESA/tests/test_async_storage.py:382: DeprecationWarning: insert_node called with sentinel agent_id='__unset__'. Pass an explicit agent_id in production code.
    await insert_node(engine, nid, "WillBeDeleted", "ENTITY")

tests/test_async_storage.py::TestFTS5::test_fts5_rebuild
  /home/yasin/Desktop/MESA/tests/test_async_storage.py:394: DeprecationWarning: insert_node called with sentinel agent_id='__unset__'. Pass an explicit agent_id in production code.
    await insert_node(engine, uuid.uuid4().hex, "RebuildTest", "ENTITY")

tests/test_maintenance_worker.py::TestSQLitePurge::test_purge_removes_expired_nodes_past_retention
  /home/yasin/Desktop/MESA/tests/test_maintenance_worker.py:119: DeprecationWarning: insert_node called with sentinel agent_id='__unset__'. Pass an explicit agent_id in production code.
    await insert_node(sqlite_engine, n1, "OldNode")

tests/test_maintenance_worker.py::TestSQLitePurge::test_purge_removes_expired_nodes_past_retention
  /home/yasin/Desktop/MESA/tests/test_maintenance_worker.py:120: DeprecationWarning: insert_node called with sentinel agent_id='__unset__'. Pass an explicit agent_id in production code.
    await insert_node(sqlite_engine, n2, "FreshNode")

tests/test_maintenance_worker.py::TestSQLitePurge::test_purge_respects_retention_window
  /home/yasin/Desktop/MESA/tests/test_maintenance_worker.py:153: DeprecationWarning: insert_node called with sentinel agent_id='__unset__'. Pass an explicit agent_id in production code.
    await insert_node(sqlite_engine, nid, "RecentDelete")

tests/test_maintenance_worker.py: 100 warnings
  /home/yasin/Desktop/MESA/tests/test_maintenance_worker.py:181: DeprecationWarning: insert_node called with sentinel agent_id='__unset__'. Pass an explicit agent_id in production code.
    await insert_node(sqlite_engine, uuid.uuid4().hex, f"Bulk_{i}")

tests/test_storage_unification.py::TestColdPathRoutesToDAO::test_cold_path_skips_non_DEFERRED
  /home/yasin/Desktop/MESA/.venv/lib/python3.13/site-packages/_pytest/threadexception.py:58: PytestUnhandledThreadExceptionWarning: Exception in thread Thread-1699 (_connection_worker_thread)
  
  Traceback (most recent call last):
    File "/home/yasin/Desktop/MESA/.venv/lib/python3.13/site-packages/aiosqlite/core.py", line 66, in _connection_worker_thread
      future.get_loop().call_soon_threadsafe(set_result, future, result)
      ~~~~~~~~~~~~~~~~~~~~~~~~~~~~~~~~~~~~~~^^^^^^^^^^^^^^^^^^^^^^^^^^^^
    File "/home/yasin/.local/share/uv/python/cpython-3.13.12-linux-x86_64-gnu/lib/python3.13/asyncio/base_events.py", line 878, in call_soon_threadsafe
      self._check_closed()
      ~~~~~~~~~~~~~~~~~~^^
    File "/home/yasin/.local/share/uv/python/cpython-3.13.12-linux-x86_64-gnu/lib/python3.13/asyncio/base_events.py", line 556, in _check_closed
      raise RuntimeError('Event loop is closed')
  RuntimeError: Event loop is closed
  
  During handling of the above exception, another exception occurred:
  
  Traceback (most recent call last):
    File "/home/yasin/.local/share/uv/python/cpython-3.13.12-linux-x86_64-gnu/lib/python3.13/threading.py", line 1044, in _bootstrap_inner
      self.run()
      ~~~~~~~~^^
    File "/home/yasin/.local/share/uv/python/cpython-3.13.12-linux-x86_64-gnu/lib/python3.13/threading.py", line 995, in run
      self._target(*self._args, **self._kwargs)
      ~~~~~~~~~~~~^^^^^^^^^^^^^^^^^^^^^^^^^^^^^
    File "/home/yasin/Desktop/MESA/.venv/lib/python3.13/site-packages/aiosqlite/core.py", line 75, in _connection_worker_thread
      future.get_loop().call_soon_threadsafe(set_exception, future, e)
      ~~~~~~~~~~~~~~~~~~~~~~~~~~~~~~~~~~~~~~^^^^^^^^^^^^^^^^^^^^^^^^^^
    File "/home/yasin/.local/share/uv/python/cpython-3.13.12-linux-x86_64-gnu/lib/python3.13/asyncio/base_events.py", line 878, in call_soon_threadsafe
      self._check_closed()
      ~~~~~~~~~~~~~~~~~~^^
    File "/home/yasin/.local/share/uv/python/cpython-3.13.12-linux-x86_64-gnu/lib/python3.13/asyncio/base_events.py", line 556, in _check_closed
      raise RuntimeError('Event loop is closed')
  RuntimeError: Event loop is closed
  
  Enable tracemalloc to get traceback where the object was allocated.
  See https://docs.pytest.org/en/stable/how-to/capture-warnings.html#resource-warnings for more info.
    warnings.warn(pytest.PytestUnhandledThreadExceptionWarning(msg))
[pytest_unconfigure] Lingering threads detected before exit: [('tqdm_monitor', True, None), ('Thread-2', True, None), ('LanceDBBackgroundEventLoop', True, <bound method BaseEventLoop.run_forever of <_UnixSelectorEventLoop running=True closed=False debug=False>>), ('mesa-benchmark-async', False, <bound method _MesaEventLoopWorker._run of <mesa_benchmark.clients.mesa_client._MesaEventLoopWorker object at 0x75ac521e1550>>)]


-- Docs: https://docs.pytest.org/en/stable/how-to/capture-warnings.html
================ 1059 passed, 130 warnings in 220.93s (0:03:40) ================
